<?xml version="1.0" encoding="UTF-8"?>
<!-- Generated by org.testng.reporters.JUnitReportReporter -->
<testsuite hostname="DESKTOP-16I5LOU" failures="0" tests="3" name="FBTestClass5678" time="94.248" errors="0" timestamp="2022-05-24T16:25:10 IST" skipped="0">
  <testcase classname="FBTestClass5678" name="varifyPagesButton" time="23.801"/>
  <system-out/>
  <testcase classname="FBTestClass5678" name="varifyMassengerButton" time="19.891"/>
  <system-out/>
  <testcase classname="FBTestClass5678" name="varifyCreateNewGroupButton" time="50.556"/>
  <system-out/>
</testsuite> <!-- FBTestClass5678 -->
